# JRE version: OpenJDK Runtime Environment (8.0_242-b01) (build 1.8.0_242-release-1644-b01)
# Java VM: OpenJDK 64-Bit Server VM (25.242-b01 mixed mode windows-amd64 compressed oops)
Heap:
 PSYoungGen      total 138240K, used 22136K [0x00000000d5580000, 0x00000000de780000, 0x0000000100000000)
  eden space 126976K, 8% used [0x00000000d5580000,0x00000000d6020b70,0x00000000dd180000)
  from space 11264K, 99% used [0x00000000dd180000,0x00000000ddc7d550,0x00000000ddc80000)
  to   space 10752K, 0% used [0x00000000ddd00000,0x00000000ddd00000,0x00000000de780000)
 ParOldGen       total 73216K, used 15111K [0x0000000080000000, 0x0000000084780000, 0x00000000d5580000)
  object space 73216K, 20% used [0x0000000080000000,0x0000000080ec1dd0,0x0000000084780000)
 Metaspace       used 41570K, capacity 43294K, committed 43608K, reserved 1087488K
  class space    used 5584K, capacity 5933K, committed 6016K, reserved 1048576K
GC Heap History (10 events):
Event: 3.936 GC heap before
{Heap before GC invocations=7 (full 1):
 PSYoungGen      total 137728K, used 5801K [0x00000000d5580000, 0x00000000de780000, 0x0000000100000000)
  eden space 126976K, 0% used [0x00000000d5580000,0x00000000d5580000,0x00000000dd180000)
  from space 10752K, 53% used [0x00000000ddd00000,0x00000000de2aa508,0x00000000de780000)
  to   space 11264K, 0% used [0x00000000dd180000,0x00000000dd180000,0x00000000ddc80000)
 ParOldGen       total 84992K, used 9009K [0x0000000080000000, 0x0000000085300000, 0x00000000d5580000)
  object space 84992K, 10% used [0x0000000080000000,0x00000000808cc7e8,0x0000000085300000)
 Metaspace       used 20463K, capacity 21154K, committed 21248K, reserved 1067008K
  class space    used 2855K, capacity 3035K, committed 3072K, reserved 1048576K
Event: 3.982 GC heap after
Heap after GC invocations=7 (full 1):
 PSYoungGen      total 137728K, used 0K [0x00000000d5580000, 0x00000000de780000, 0x0000000100000000)
  eden space 126976K, 0% used [0x00000000d5580000,0x00000000d5580000,0x00000000dd180000)
  from space 10752K, 0% used [0x00000000ddd00000,0x00000000ddd00000,0x00000000de780000)
  to   space 11264K, 0% used [0x00000000dd180000,0x00000000dd180000,0x00000000ddc80000)
 ParOldGen       total 55808K, used 11655K [0x0000000080000000, 0x0000000083680000, 0x00000000d5580000)
  object space 55808K, 20% used [0x0000000080000000,0x0000000080b61cb0,0x0000000083680000)
 Metaspace       used 20463K, capacity 21154K, committed 21248K, reserved 1067008K
  class space    used 2855K, capacity 3035K, committed 3072K, reserved 1048576K
}
Event: 5.894 GC heap before
{Heap before GC invocations=8 (full 1):
 PSYoungGen      total 137728K, used 126976K [0x00000000d5580000, 0x00000000de780000, 0x0000000100000000)
  eden space 126976K, 100% used [0x00000000d5580000,0x00000000dd180000,0x00000000dd180000)
  from space 10752K, 0% used [0x00000000ddd00000,0x00000000ddd00000,0x00000000de780000)
  to   space 11264K, 0% used [0x00000000dd180000,0x00000000dd180000,0x00000000ddc80000)
 ParOldGen       total 55808K, used 11655K [0x0000000080000000, 0x0000000083680000, 0x00000000d5580000)
  object space 55808K, 20% used [0x0000000080000000,0x0000000080b61cb0,0x0000000083680000)
 Metaspace       used 32088K, capacity 33232K, committed 33408K, reserved 1077248K
  class space    used 4341K, capacity 4653K, committed 4736K, reserved 1048576K
Event: 5.912 GC heap after
Heap after GC invocations=8 (full 1):
 PSYoungGen      total 138240K, used 11238K [0x00000000d5580000, 0x00000000de780000, 0x0000000100000000)
  eden space 126976K, 0% used [0x00000000d5580000,0x00000000d5580000,0x00000000dd180000)
  from space 11264K, 99% used [0x00000000dd180000,0x00000000ddc79bd0,0x00000000ddc80000)
  to   space 10752K, 0% used [0x00000000ddd00000,0x00000000ddd00000,0x00000000de780000)
 ParOldGen       total 55808K, used 12805K [0x0000000080000000, 0x0000000083680000, 0x00000000d5580000)
  object space 55808K, 22% used [0x0000000080000000,0x0000000080c81560,0x0000000083680000)
 Metaspace       used 32088K, capacity 33232K, committed 33408K, reserved 1077248K
  class space    used 4341K, capacity 4653K, committed 4736K, reserved 1048576K
}
Event: 6.637 GC heap before
{Heap before GC invocations=9 (full 1):
 PSYoungGen      total 138240K, used 38762K [0x00000000d5580000, 0x00000000de780000, 0x0000000100000000)
  eden space 126976K, 21% used [0x00000000d5580000,0x00000000d7060cc8,0x00000000dd180000)
  from space 11264K, 99% used [0x00000000dd180000,0x00000000ddc79bd0,0x00000000ddc80000)
  to   space 10752K, 0% used [0x00000000ddd00000,0x00000000ddd00000,0x00000000de780000)
 ParOldGen       total 55808K, used 12805K [0x0000000080000000, 0x0000000083680000, 0x00000000d5580000)
  object space 55808K, 22% used [0x0000000080000000,0x0000000080c81560,0x0000000083680000)
 Metaspace       used 34180K, capacity 35338K, committed 35416K, reserved 1079296K
  class space    used 4607K, capacity 4916K, committed 4992K, reserved 1048576K
Event: 6.651 GC heap after
Heap after GC invocations=9 (full 1):
 PSYoungGen      total 137728K, used 7881K [0x00000000d5580000, 0x00000000de780000, 0x0000000100000000)
  eden space 126976K, 0% used [0x00000000d5580000,0x00000000d5580000,0x00000000dd180000)
  from space 10752K, 73% used [0x00000000ddd00000,0x00000000de4b2670,0x00000000de780000)
  to   space 11264K, 0% used [0x00000000dd180000,0x00000000dd180000,0x00000000ddc80000)
 ParOldGen       total 55808K, used 12813K [0x0000000080000000, 0x0000000083680000, 0x00000000d5580000)
  object space 55808K, 22% used [0x0000000080000000,0x0000000080c83560,0x0000000083680000)
 Metaspace       used 34180K, capacity 35338K, committed 35416K, reserved 1079296K
  class space    used 4607K, capacity 4916K, committed 4992K, reserved 1048576K
}
Event: 6.651 GC heap before
{Heap before GC invocations=10 (full 2):
 PSYoungGen      total 137728K, used 7881K [0x00000000d5580000, 0x00000000de780000, 0x0000000100000000)
  eden space 126976K, 0% used [0x00000000d5580000,0x00000000d5580000,0x00000000dd180000)
  from space 10752K, 73% used [0x00000000ddd00000,0x00000000de4b2670,0x00000000de780000)
  to   space 11264K, 0% used [0x00000000dd180000,0x00000000dd180000,0x00000000ddc80000)
 ParOldGen       total 55808K, used 12813K [0x0000000080000000, 0x0000000083680000, 0x00000000d5580000)
  object space 55808K, 22% used [0x0000000080000000,0x0000000080c83560,0x0000000083680000)
 Metaspace       used 34180K, capacity 35338K, committed 35416K, reserved 1079296K
  class space    used 4607K, capacity 4916K, committed 4992K, reserved 1048576K
Event: 6.729 GC heap after
Heap after GC invocations=10 (full 2):
 PSYoungGen      total 137728K, used 0K [0x00000000d5580000, 0x00000000de780000, 0x0000000100000000)
  eden space 126976K, 0% used [0x00000000d5580000,0x00000000d5580000,0x00000000dd180000)
  from space 10752K, 0% used [0x00000000ddd00000,0x00000000ddd00000,0x00000000de780000)
  to   space 11264K, 0% used [0x00000000dd180000,0x00000000dd180000,0x00000000ddc80000)
 ParOldGen       total 73216K, used 14289K [0x0000000080000000, 0x0000000084780000, 0x00000000d5580000)
  object space 73216K, 19% used [0x0000000080000000,0x0000000080df44a8,0x0000000084780000)
 Metaspace       used 34180K, capacity 35338K, committed 35416K, reserved 1079296K
  class space    used 4607K, capacity 4916K, committed 4992K, reserved 1048576K
}
Event: 10.991 GC heap before
{Heap before GC invocations=11 (full 2):
 PSYoungGen      total 137728K, used 126976K [0x00000000d5580000, 0x00000000de780000, 0x0000000100000000)
  eden space 126976K, 100% used [0x00000000d5580000,0x00000000dd180000,0x00000000dd180000)
  from space 10752K, 0% used [0x00000000ddd00000,0x00000000ddd00000,0x00000000de780000)
  to   space 11264K, 0% used [0x00000000dd180000,0x00000000dd180000,0x00000000ddc80000)
 ParOldGen       total 73216K, used 14289K [0x0000000080000000, 0x0000000084780000, 0x00000000d5580000)
  object space 73216K, 19% used [0x0000000080000000,0x0000000080df44a8,0x0000000084780000)
 Metaspace       used 41040K, capacity 42632K, committed 42712K, reserved 1085440K
  class space    used 5512K, capacity 5852K, committed 5888K, reserved 1048576K
Event: 11.009 GC heap after
Heap after GC invocations=11 (full 2):
 PSYoungGen      total 138240K, used 11253K [0x00000000d5580000, 0x00000000de780000, 0x0000000100000000)
  eden space 126976K, 0% used [0x00000000d5580000,0x00000000d5580000,0x00000000dd180000)
  from space 11264K, 99% used [0x00000000dd180000,0x00000000ddc7d550,0x00000000ddc80000)
  to   space 10752K, 0% used [0x00000000ddd00000,0x00000000ddd00000,0x00000000de780000)
 ParOldGen       total 73216K, used 15111K [0x0000000080000000, 0x0000000084780000, 0x00000000d5580000)
  object space 73216K, 20% used [0x0000000080000000,0x0000000080ec1dd0,0x0000000084780000)
 Metaspace       used 41040K, capacity 42632K, committed 42712K, reserved 1085440K
  class space    used 5512K, capacity 5852K, committed 5888K, reserved 1048576K
}

